Unity Editor version:    2020.3.19f1 (68f137dc9bbe)
Branch:                  2020.3/staging
Build type:              Release
Batch mode:              YES
macOS version:           Version 11.6.1 (Build 20G224)
Darwin version:          20.6.0
Architecture:            x86_64
Running under Rosetta:   NO
Available memory:        16384 MB
Using pre-set license
Pro License: NO

COMMAND LINE ARGUMENTS:
/Applications/Unity/Hub/Editor/2020.3.19f1/Unity.app/Contents/MacOS/Unity
-adb2
-batchMode
-noUpm
-name
AssetImportWorker0
-projectPath
/Users/Fanyun.Peng/Documents/Fanyun Work/2021.10 - 2021.12/Explore/MIDI/visual
-logFile
Logs/AssetImportWorker0.log
-srvPort
50545
Successfully changed project path to: /Users/Fanyun.Peng/Documents/Fanyun Work/2021.10 - 2021.12/Explore/MIDI/visual
/Users/Fanyun.Peng/Documents/Fanyun Work/2021.10 - 2021.12/Explore/MIDI/visual
Using Asset Import Pipeline V2.
Refreshing native plugins compatible for Editor in 225.98 ms, found 2 plugins.
Preloading 0 native plugins for Editor in 0.00 ms.
Initialize engine version: 2020.3.19f1 (68f137dc9bbe)
[Subsystems] Discovering subsystems at path /Applications/Unity/Hub/Editor/2020.3.19f1/Unity.app/Contents/Resources/UnitySubsystems
[Subsystems] Discovering subsystems at path /Users/Fanyun.Peng/Documents/Fanyun Work/2021.10 - 2021.12/Explore/MIDI/visual/Assets
GfxDevice: creating device client; threaded=0
2021-12-14 13:34:53.222 Unity[47662:6256939] Color LCD preferred device: Intel(R) Iris(TM) Plus Graphics (low power)
2021-12-14 13:34:53.222 Unity[47662:6256939] Metal devices available: 1
2021-12-14 13:34:53.222 Unity[47662:6256939] 0: Intel(R) Iris(TM) Plus Graphics (low power)
2021-12-14 13:34:53.222 Unity[47662:6256939] Using device Intel(R) Iris(TM) Plus Graphics (low power)
Initializing Metal device caps: Intel(R) Iris(TM) Plus Graphics
Initialize mono
Mono path[0] = '/Applications/Unity/Hub/Editor/2020.3.19f1/Unity.app/Contents/Managed'
Mono path[1] = '/Applications/Unity/Hub/Editor/2020.3.19f1/Unity.app/Contents/MonoBleedingEdge/lib/mono/unityjit'
Mono config path = '/Applications/Unity/Hub/Editor/2020.3.19f1/Unity.app/Contents/MonoBleedingEdge/etc'
Using monoOptions --debugger-agent=transport=dt_socket,embedding=1,server=y,suspend=n,address=127.0.0.1:56662
Begin MonoManager ReloadAssembly
Registering precompiled unity dll's ...
Register platform support module: /Applications/Unity/Hub/Editor/2020.3.19f1/PlaybackEngines/WebGLSupport/UnityEditor.WebGL.Extensions.dll
Register platform support module: /Applications/Unity/Hub/Editor/2020.3.19f1/Unity.app/Contents/PlaybackEngines/MacStandaloneSupport/UnityEditor.OSXStandalone.Extensions.dll
Register platform support module: /Applications/Unity/Hub/Editor/2020.3.19f1/PlaybackEngines/LuminSupport/UnityEditor.Lumin.Extensions.dll
Registered in 0.005483 seconds.
Native extension for Lumin target not found
Native extension for OSXStandalone target not found
Native extension for WebGL target not found
Refreshing native plugins compatible for Editor in 79.80 ms, found 2 plugins.
Preloading 0 native plugins for Editor in 0.00 ms.
Mono: successfully reloaded assembly
- Completed reload, in  5.286 seconds
Domain Reload Profiling:
	ReloadAssembly (5287ms)
		BeginReloadAssembly (64ms)
			ExecutionOrderSort (0ms)
			DisableScriptedObjects (0ms)
			BackupInstance (0ms)
			ReleaseScriptingObjects (0ms)
			CreateAndSetChildDomain (1ms)
		EndReloadAssembly (560ms)
			LoadAssemblies (68ms)
			RebuildTransferFunctionScriptingTraits (0ms)
			SetupTypeCache (207ms)
			ReleaseScriptCaches (0ms)
			RebuildScriptCaches (36ms)
			SetupLoadedEditorAssemblies (250ms)
				LogAssemblyErrors (0ms)
				InitializePlatformSupportModulesInManaged (6ms)
				SetLoadedEditorAssemblies (0ms)
				RefreshPlugins (80ms)
				BeforeProcessingInitializeOnLoad (28ms)
				ProcessInitializeOnLoadAttributes (106ms)
				ProcessInitializeOnLoadMethodAttributes (30ms)
				AfterProcessingInitializeOnLoad (0ms)
				EditorAssembliesLoaded (0ms)
			ExecutionOrderSort2 (0ms)
			AwakeInstancesAfterBackupRestoration (0ms)
Platform modules already initialized, skipping
Registering precompiled user dll's ...
Registered in 0.008040 seconds.
Begin MonoManager ReloadAssembly
Native extension for Lumin target not found
Native extension for OSXStandalone target not found
Native extension for WebGL target not found
Refreshing native plugins compatible for Editor in 117.52 ms, found 2 plugins.
Preloading 0 native plugins for Editor in 0.00 ms.
Mono: successfully reloaded assembly
- Completed reload, in  2.639 seconds
Domain Reload Profiling:
	ReloadAssembly (2641ms)
		BeginReloadAssembly (249ms)
			ExecutionOrderSort (0ms)
			DisableScriptedObjects (6ms)
			BackupInstance (0ms)
			ReleaseScriptingObjects (0ms)
			CreateAndSetChildDomain (56ms)
		EndReloadAssembly (2291ms)
			LoadAssemblies (178ms)
			RebuildTransferFunctionScriptingTraits (0ms)
			SetupTypeCache (610ms)
			ReleaseScriptCaches (1ms)
			RebuildScriptCaches (139ms)
			SetupLoadedEditorAssemblies (1230ms)
				LogAssemblyErrors (0ms)
				InitializePlatformSupportModulesInManaged (9ms)
				SetLoadedEditorAssemblies (0ms)
				RefreshPlugins (118ms)
				BeforeProcessingInitializeOnLoad (116ms)
				ProcessInitializeOnLoadAttributes (447ms)
				ProcessInitializeOnLoadMethodAttributes (538ms)
				AfterProcessingInitializeOnLoad (2ms)
				EditorAssembliesLoaded (0ms)
			ExecutionOrderSort2 (0ms)
			AwakeInstancesAfterBackupRestoration (10ms)
Platform modules already initialized, skipping
Validating Project structure ... 0.018713 seconds.
Shader import version has changed; will reimport all shaders...
Upgrading shader files ...0.014227 seconds.
Application.AssetDatabase Initial Script Refresh Start
RefreshInfo: InitialScriptRefreshV2(NoUpdateAssetOptions) scanfilter:  ... 1 filters
RefreshProfiler: Total: 0.000ms
Application.AssetDatabase Initial Script Refresh End
Application.AssetDatabase.Refresh Start
Application.AssetDatabase.Refresh End
RefreshInfo: StopAssetImportingV2(ForceSynchronousImport) scanfilter: 
RefreshProfiler: Total: 0.000ms
Launching external process: /Applications/Unity/Hub/Editor/2020.3.19f1/Unity.app/Contents/Tools/UnityShaderCompiler
Launched and connected shader compiler UnityShaderCompiler after 0.03 seconds
Initializing Unity extensions:
========================================================================
Worker process is ready to serve import requests
Refreshing native plugins compatible for Editor in 0.88 ms, found 2 plugins.
Preloading 0 native plugins for Editor in 0.00 ms.
Unloading 4118 Unused Serialized files (Serialized files now loaded: 0)
System memory in use before: 335.6 MB.
System memory in use after: 332.2 MB.

Unloading 235 unused Assets to reduce memory usage. Loaded Objects now: 4591.
Total: 7.589350 ms (FindLiveObjects: 0.391209 ms CreateObjectMapping: 0.161662 ms MarkObjects: 3.941587 ms  DeleteObjects: 3.092980 ms)

AssetImportParameters requested are different than current active one (requested -> active):
  custom:video-decoder-ogg-theora: a1e56fd34408186e4bbccfd4996cb3dc -> 
  custom:container-muxer-webm: aa71ff27fc2769a1b78a27578f13a17b -> 
  custom:container-demuxer-webm: 4f35f7cbe854078d1ac9338744f61a02 -> 
  custom:container-demuxer-ogg: 62fdf1f143b41e24485cea50d1cbac27 -> 
  custom:video-encoder-webm-vp8: eb34c28f22e8b96e1ab97ce403110664 -> 
  custom:framework-osx-AVFoundation: e770b220cccbd017edd2c1fefb359320 -> 
  custom:video-decoder-webm-vp8: 9c59270c3fd7afecdb556c50c9e8de78 -> 
  custom:audio-decoder-ogg-vorbis: bf7c407c2cedff20999df2af8eb42d56 -> 
  custom:audio-encoder-webm-vorbis: bf7c407c2cedff20999df2af8eb42d56 -> 
========================================================================
Received Import Request.
  path: Assets/Models
  artifactKey: Guid(5b92340d110eb4955ace09f619d189cc) Importer(815301076,1909f56bfc062723c751e8b465ee728b)
Start importing Assets/Models using Guid(5b92340d110eb4955ace09f619d189cc) Importer(815301076,1909f56bfc062723c751e8b465ee728b)  -> (artifact id: 'ae8ae19b2bb25dd1ed6057447c0223d7') in 0.302720 seconds 
  Import took 0.311470 seconds .

========================================================================
Received Import Request.
  Time since last request: 52.376269 seconds.
  path: Assets/Models/Grass Assets
  artifactKey: Guid(afde8c2feaea3446289b7329d921f681) Importer(815301076,1909f56bfc062723c751e8b465ee728b)
Start importing Assets/Models/Grass Assets using Guid(afde8c2feaea3446289b7329d921f681) Importer(815301076,1909f56bfc062723c751e8b465ee728b)  -> (artifact id: '0eb4d3c78ec9fd6cee58396a70d0c482') in 0.001184 seconds 
  Import took 0.010132 seconds .

========================================================================
Received Import Request.
  Time since last request: 0.052297 seconds.
  path: Assets/Models/Grass Assets/Grass_Mesh.fbx
  artifactKey: Guid(6e5ed8bfe6dcfcb4dbf73f9ba1eb42bd) Importer(815301076,1909f56bfc062723c751e8b465ee728b)
Start importing Assets/Models/Grass Assets/Grass_Mesh.fbx using Guid(6e5ed8bfe6dcfcb4dbf73f9ba1eb42bd) Importer(815301076,1909f56bfc062723c751e8b465ee728b)  -> (artifact id: '0c5136f37610a8504f10d5a983c24d47') in 27.026764 seconds 
  Import took 27.035540 seconds .

========================================================================
Received Import Request.
  Time since last request: 0.006399 seconds.
  path: Assets/Models/Grass Assets/Green_Grass_AlbedoA.tga
  artifactKey: Guid(6367d2bdffbec9f47bf00bc11dae19e3) Importer(815301076,1909f56bfc062723c751e8b465ee728b)
Start importing Assets/Models/Grass Assets/Green_Grass_AlbedoA.tga using Guid(6367d2bdffbec9f47bf00bc11dae19e3) Importer(815301076,1909f56bfc062723c751e8b465ee728b)  -> (artifact id: 'fb6faea6f81200f3a1d25cfaff65d80b') in 1.332171 seconds 
  Import took 1.341908 seconds .

========================================================================
Received Import Request.
  Time since last request: 0.005513 seconds.
  path: Assets/Models/Grass Assets/Green_Grass_Normal.tga
  artifactKey: Guid(09bae787d48824244a14afd1b7251de1) Importer(815301076,1909f56bfc062723c751e8b465ee728b)
Start importing Assets/Models/Grass Assets/Green_Grass_Normal.tga using Guid(09bae787d48824244a14afd1b7251de1) Importer(815301076,1909f56bfc062723c751e8b465ee728b)  -> (artifact id: 'a90de40872b8f8bca12626a5fa36cf96') in 0.014088 seconds 
  Import took 0.022157 seconds .

========================================================================
Received Import Request.
  Time since last request: 0.000302 seconds.
  path: Assets/Models/Grass Assets/Green_Grass_MAODS.tga
  artifactKey: Guid(2e155ee83c263a345ab3ba40518336f1) Importer(815301076,1909f56bfc062723c751e8b465ee728b)
Start importing Assets/Models/Grass Assets/Green_Grass_MAODS.tga using Guid(2e155ee83c263a345ab3ba40518336f1) Importer(815301076,1909f56bfc062723c751e8b465ee728b)  -> (artifact id: 'eb8509b0a620a3b9289f384fb88f6372') in 0.042464 seconds 
  Import took 0.051620 seconds .

========================================================================
Received Import Request.
  Time since last request: 129.445224 seconds.
  path: Assets/HDRPDefaultResources/DefaultHDRISky.exr
  artifactKey: Guid(54a3a0570aebe8949bec4966f1376581) Importer(815301076,1909f56bfc062723c751e8b465ee728b)
Start importing Assets/HDRPDefaultResources/DefaultHDRISky.exr using Guid(54a3a0570aebe8949bec4966f1376581) Importer(815301076,1909f56bfc062723c751e8b465ee728b)  -> (artifact id: '1b574980b9275bed72a46f0a1c39b55a') in 0.934266 seconds 
  Import took 0.943171 seconds .

========================================================================
Received Import Request.
  Time since last request: 0.005613 seconds.
  path: Assets/HDRPDefaultResources/DefaultVFXResources.asset
  artifactKey: Guid(145290c901d58b343bdeb3b4362c9ff2) Importer(815301076,1909f56bfc062723c751e8b465ee728b)
Start importing Assets/HDRPDefaultResources/DefaultVFXResources.asset using Guid(145290c901d58b343bdeb3b4362c9ff2) Importer(815301076,1909f56bfc062723c751e8b465ee728b)  -> (artifact id: '1b83f9103a18d73c743ecab2e8f50a74') in 0.401308 seconds 
  Import took 0.410745 seconds .

========================================================================
Received Import Request.
  Time since last request: 0.003039 seconds.
  path: Assets/HDRPDefaultResources/DefaultHDRPAsset.asset
  artifactKey: Guid(e93c35b24eb03c74284e7dc0b755bfcc) Importer(815301076,1909f56bfc062723c751e8b465ee728b)
Start importing Assets/HDRPDefaultResources/DefaultHDRPAsset.asset using Guid(e93c35b24eb03c74284e7dc0b755bfcc) Importer(815301076,1909f56bfc062723c751e8b465ee728b)  -> (artifact id: '5b2c38c78ddf2d9e63285832b6658451') in 0.003825 seconds 
  Import took 0.014618 seconds .

========================================================================
Received Import Request.
  Time since last request: 0.000312 seconds.
  path: Assets/HDRPDefaultResources/DefaultSceneRoot.prefab
  artifactKey: Guid(2bfa7b9d63fa79e4abdc033f54a868d2) Importer(815301076,1909f56bfc062723c751e8b465ee728b)
Start importing Assets/HDRPDefaultResources/DefaultSceneRoot.prefab using Guid(2bfa7b9d63fa79e4abdc033f54a868d2) Importer(815301076,1909f56bfc062723c751e8b465ee728b)  -> (artifact id: 'c472b37fe2f50ded3eb3f70f6c0544e5') in 0.216439 seconds 
  Import took 0.225051 seconds .

========================================================================
Received Import Request.
  Time since last request: 6.220318 seconds.
  path: Assets/Shader
  artifactKey: Guid(9a0646cc454bf47db95d8746e2188d44) Importer(815301076,1909f56bfc062723c751e8b465ee728b)
Start importing Assets/Shader using Guid(9a0646cc454bf47db95d8746e2188d44) Importer(815301076,1909f56bfc062723c751e8b465ee728b)  -> (artifact id: '25712cae64e121fef994305808d4581a') in 0.002022 seconds 
  Import took 0.012070 seconds .

========================================================================
Received Import Request.
  Time since last request: 44.249999 seconds.
  path: Assets/Shader/New Shader Graph.shadergraph
  artifactKey: Guid(64fdd27ea976045e69bc06bde946c5a8) Importer(815301076,1909f56bfc062723c751e8b465ee728b)
Start importing Assets/Shader/New Shader Graph.shadergraph using Guid(64fdd27ea976045e69bc06bde946c5a8) Importer(815301076,1909f56bfc062723c751e8b465ee728b)  -> (artifact id: 'f1becb835ac91c457af2e4296bc117e4') in 0.190479 seconds 
  Import took 0.199044 seconds .

========================================================================
Received Import Request.
  Time since last request: 6.703591 seconds.
  path: Assets/Shader/grass.shadergraph
  artifactKey: Guid(64fdd27ea976045e69bc06bde946c5a8) Importer(815301076,1909f56bfc062723c751e8b465ee728b)
Start importing Assets/Shader/grass.shadergraph using Guid(64fdd27ea976045e69bc06bde946c5a8) Importer(815301076,1909f56bfc062723c751e8b465ee728b)  -> (artifact id: 'bd2d2339494556347fbfa9b0f75f2365') in 0.006179 seconds 
  Import took 0.016446 seconds .

========================================================================
Received Import Request.
  Time since last request: 62.406433 seconds.
  path: Assets/SampleSceneAssets/Meshes/Props/Furniture/Models/Barstool_01.fbx
  artifactKey: Guid(729b08ff66518024f98cf8a1414b0629) Importer(815301076,1909f56bfc062723c751e8b465ee728b)
Start importing Assets/SampleSceneAssets/Meshes/Props/Furniture/Models/Barstool_01.fbx using Guid(729b08ff66518024f98cf8a1414b0629) Importer(815301076,1909f56bfc062723c751e8b465ee728b)  -> (artifact id: 'd866b0698ddccb4904df712822d42e4e') in 0.563402 seconds 
  Import took 0.574900 seconds .

========================================================================
Received Import Request.
  Time since last request: 0.000487 seconds.
  path: Assets/SampleSceneAssets/Meshes/Props/Nature/Model/Bush_01.fbx
  artifactKey: Guid(b75e331c16b1d094692ffdc1afe41612) Importer(815301076,1909f56bfc062723c751e8b465ee728b)
Start importing Assets/SampleSceneAssets/Meshes/Props/Nature/Model/Bush_01.fbx using Guid(b75e331c16b1d094692ffdc1afe41612) Importer(815301076,1909f56bfc062723c751e8b465ee728b)  -> (artifact id: '90fd3844f10a62ebe88b97428ef43a05') in 0.732212 seconds 
  Import took 0.742655 seconds .

========================================================================
Received Import Request.
  Time since last request: 0.001303 seconds.
  path: Assets/SampleSceneAssets/Meshes/Props/Lights/Model/CeilingLamp_Lamp_01.fbx
  artifactKey: Guid(7931acb98e4dbae4fb720b7c34166bec) Importer(815301076,1909f56bfc062723c751e8b465ee728b)
Start importing Assets/SampleSceneAssets/Meshes/Props/Lights/Model/CeilingLamp_Lamp_01.fbx using Guid(7931acb98e4dbae4fb720b7c34166bec) Importer(815301076,1909f56bfc062723c751e8b465ee728b)  -> (artifact id: 'c88eb88ce00257db8f460cb33d23bcd6') in 2.740440 seconds 
  Import took 2.748967 seconds .

========================================================================
Received Import Request.
  Time since last request: 0.000874 seconds.
  path: Assets/SampleSceneAssets/Meshes/Structure/Model/FR_SectionA_01.fbx
  artifactKey: Guid(d2564ebb3beeaca47b554810141df024) Importer(815301076,1909f56bfc062723c751e8b465ee728b)
Start importing Assets/SampleSceneAssets/Meshes/Structure/Model/FR_SectionA_01.fbx using Guid(d2564ebb3beeaca47b554810141df024) Importer(815301076,1909f56bfc062723c751e8b465ee728b)  -> (artifact id: '633a767389922e88fd0eb85ea82c3f98') in 1.216632 seconds 
  Import took 1.225880 seconds .

========================================================================
Received Import Request.
  Time since last request: 0.000911 seconds.
  path: Assets/SampleSceneAssets/Meshes/Props/Nature/Model/Bamboo_C.fbx
  artifactKey: Guid(d02feacdd25b360458c742d0b723ece0) Importer(815301076,1909f56bfc062723c751e8b465ee728b)
Start importing Assets/SampleSceneAssets/Meshes/Props/Nature/Model/Bamboo_C.fbx using Guid(d02feacdd25b360458c742d0b723ece0) Importer(815301076,1909f56bfc062723c751e8b465ee728b)  -> (artifact id: '88b3d59d999fe3d046c064eaf6e5523c') in 1.811401 seconds 
  Import took 1.820341 seconds .

========================================================================
Received Import Request.
  Time since last request: 0.000685 seconds.
  path: Assets/SampleSceneAssets/Meshes/Props/Nature/Model/Bamboo_A.fbx
  artifactKey: Guid(ec20dc31808dcd047a2c16c7bef30b83) Importer(815301076,1909f56bfc062723c751e8b465ee728b)
Start importing Assets/SampleSceneAssets/Meshes/Props/Nature/Model/Bamboo_A.fbx using Guid(ec20dc31808dcd047a2c16c7bef30b83) Importer(815301076,1909f56bfc062723c751e8b465ee728b)  -> (artifact id: '76035fc21c414b31fdfea02874bdf6e2') in 0.117438 seconds 
  Import took 0.127196 seconds .

========================================================================
Received Import Request.
  Time since last request: 0.000674 seconds.
  path: Assets/SampleSceneAssets/Meshes/Props/Furniture/Models/GlassCase_01.fbx
  artifactKey: Guid(5ee624ffeecf1324aba047bca3298fe7) Importer(815301076,1909f56bfc062723c751e8b465ee728b)
Start importing Assets/SampleSceneAssets/Meshes/Props/Furniture/Models/GlassCase_01.fbx using Guid(5ee624ffeecf1324aba047bca3298fe7) Importer(815301076,1909f56bfc062723c751e8b465ee728b)  -> (artifact id: 'd2ea4d61c9bc2b07ac2755bb73550a56') in 0.190471 seconds 
  Import took 0.198530 seconds .

========================================================================
Received Import Request.
  Time since last request: 0.001296 seconds.
  path: Assets/SampleSceneAssets/Meshes/Props/Nature/Model/Plant_C_02.fbx
  artifactKey: Guid(5e7a5827c5b20aa49b565a7cee3a2f2b) Importer(815301076,1909f56bfc062723c751e8b465ee728b)
Start importing Assets/SampleSceneAssets/Meshes/Props/Nature/Model/Plant_C_02.fbx using Guid(5e7a5827c5b20aa49b565a7cee3a2f2b) Importer(815301076,1909f56bfc062723c751e8b465ee728b)  -> (artifact id: '2ae9b447eff5d9a6485fb2648fd96fbf') in 0.113520 seconds 
  Import took 0.122280 seconds .

========================================================================
Received Import Request.
  Time since last request: 0.000656 seconds.
  path: Assets/SampleSceneAssets/Meshes/Props/Furniture/Models/LoungeChair_01.fbx
  artifactKey: Guid(6e3ba455dd217e04a9db01a0853f7bf6) Importer(815301076,1909f56bfc062723c751e8b465ee728b)
Start importing Assets/SampleSceneAssets/Meshes/Props/Furniture/Models/LoungeChair_01.fbx using Guid(6e3ba455dd217e04a9db01a0853f7bf6) Importer(815301076,1909f56bfc062723c751e8b465ee728b)  -> (artifact id: '8250350a8d39cecb859123a8422fd53e') in 0.171975 seconds 
  Import took 0.183872 seconds .

========================================================================
Received Import Request.
  Time since last request: 0.000817 seconds.
  path: Assets/SampleSceneAssets/Meshes/Props/Nature/Model/Plant_C_03.fbx
  artifactKey: Guid(ef175d9f526e0ef47b7a8fb33cc9e136) Importer(815301076,1909f56bfc062723c751e8b465ee728b)
Start importing Assets/SampleSceneAssets/Meshes/Props/Nature/Model/Plant_C_03.fbx using Guid(ef175d9f526e0ef47b7a8fb33cc9e136) Importer(815301076,1909f56bfc062723c751e8b465ee728b)  -> (artifact id: '48a6b2ba99952c818547e6edb7831270') in 0.122606 seconds 
  Import took 0.131574 seconds .

========================================================================
Received Import Request.
  Time since last request: 0.000909 seconds.
  path: Assets/SampleSceneAssets/Meshes/Props/Nature/Model/Bamboo_B.fbx
  artifactKey: Guid(7bd790bef3ce34c4e9fd850d53deed02) Importer(815301076,1909f56bfc062723c751e8b465ee728b)
Start importing Assets/SampleSceneAssets/Meshes/Props/Nature/Model/Bamboo_B.fbx using Guid(7bd790bef3ce34c4e9fd850d53deed02) Importer(815301076,1909f56bfc062723c751e8b465ee728b)  -> (artifact id: '739e1dc79e7ae088da96902c16760cd3') in 0.132183 seconds 
  Import took 0.142283 seconds .

========================================================================
Received Import Request.
  Time since last request: 0.000732 seconds.
  path: Assets/SampleSceneAssets/Meshes/Props/Nature/Model/Bamboo_D.fbx
  artifactKey: Guid(692379ddfbf364b42a862275c05ccc44) Importer(815301076,1909f56bfc062723c751e8b465ee728b)
Start importing Assets/SampleSceneAssets/Meshes/Props/Nature/Model/Bamboo_D.fbx using Guid(692379ddfbf364b42a862275c05ccc44) Importer(815301076,1909f56bfc062723c751e8b465ee728b)  -> (artifact id: 'bf15b41fc9fb8cbde2af55cc8094eb05') in 0.143788 seconds 
  Import took 0.160163 seconds .

========================================================================
Received Import Request.
  Time since last request: 0.000671 seconds.
  path: Assets/SampleSceneAssets/Meshes/Structure/Model/FS_Aisle_01.fbx
  artifactKey: Guid(5991ec3b02565304692b00788ab59fa9) Importer(815301076,1909f56bfc062723c751e8b465ee728b)
Start importing Assets/SampleSceneAssets/Meshes/Structure/Model/FS_Aisle_01.fbx using Guid(5991ec3b02565304692b00788ab59fa9) Importer(815301076,1909f56bfc062723c751e8b465ee728b)  -> (artifact id: '4e28c7ce7e871e0bf66e757bc34f0d39') in 0.100489 seconds 
  Import took 0.109281 seconds .

========================================================================
Received Import Request.
  Time since last request: 0.000490 seconds.
  path: Assets/SampleSceneAssets/Meshes/Props/Furniture/Models/Pot_01.fbx
  artifactKey: Guid(6ab1bb6455af87b4eb54f8d4c9523975) Importer(815301076,1909f56bfc062723c751e8b465ee728b)
Start importing Assets/SampleSceneAssets/Meshes/Props/Furniture/Models/Pot_01.fbx using Guid(6ab1bb6455af87b4eb54f8d4c9523975) Importer(815301076,1909f56bfc062723c751e8b465ee728b)  -> (artifact id: 'b8db4a295548ee8924b2df1c08259d12') in 0.131477 seconds 
  Import took 0.141171 seconds .

========================================================================
Received Import Request.
  Time since last request: 0.000579 seconds.
  path: Assets/SampleSceneAssets/Meshes/Props/Nature/Model/Fern_01.fbx
  artifactKey: Guid(85161be91b7eeca488c205296f897b1e) Importer(815301076,1909f56bfc062723c751e8b465ee728b)
Start importing Assets/SampleSceneAssets/Meshes/Props/Nature/Model/Fern_01.fbx using Guid(85161be91b7eeca488c205296f897b1e) Importer(815301076,1909f56bfc062723c751e8b465ee728b)  -> (artifact id: '044952f6096f32defbbb2682d67f8a88') in 0.715473 seconds 
  Import took 0.723329 seconds .

========================================================================
Received Import Request.
  Time since last request: 0.000787 seconds.
  path: Assets/SampleSceneAssets/Meshes/Structure/Model/FR_Platform_01.fbx
  artifactKey: Guid(e89a4afe12d9bea49a7ee33cc1b98ab6) Importer(815301076,1909f56bfc062723c751e8b465ee728b)
Start importing Assets/SampleSceneAssets/Meshes/Structure/Model/FR_Platform_01.fbx using Guid(e89a4afe12d9bea49a7ee33cc1b98ab6) Importer(815301076,1909f56bfc062723c751e8b465ee728b)  -> (artifact id: '3dff4601079a3b62748fdd8454b1b438') in 0.117075 seconds 
  Import took 0.125769 seconds .

========================================================================
Received Import Request.
  Time since last request: 0.000646 seconds.
  path: Assets/SampleSceneAssets/Meshes/Props/Ball/Model/Base.fbx
  artifactKey: Guid(916a8fb579c63874394827cbec0773ae) Importer(815301076,1909f56bfc062723c751e8b465ee728b)
Start importing Assets/SampleSceneAssets/Meshes/Props/Ball/Model/Base.fbx using Guid(916a8fb579c63874394827cbec0773ae) Importer(815301076,1909f56bfc062723c751e8b465ee728b)  -> (artifact id: '3596da80089977ecb82846ececb6a5f0') in 0.059236 seconds 
  Import took 0.068873 seconds .

========================================================================
Received Import Request.
  Time since last request: 328.408993 seconds.
  path: Assets/Shader/New Shader Graph.shadergraph
  artifactKey: Guid(897beff616b83455b994af57a375e931) Importer(815301076,1909f56bfc062723c751e8b465ee728b)
Start importing Assets/Shader/New Shader Graph.shadergraph using Guid(897beff616b83455b994af57a375e931) Importer(815301076,1909f56bfc062723c751e8b465ee728b)  -> (artifact id: '7a337d99a75ef8f29ada549fa7534028') in 0.008281 seconds 
  Import took 0.019466 seconds .

========================================================================
Received Import Request.
  Time since last request: 695.618784 seconds.
  path: Assets/Shader/grass.shadergraph
  artifactKey: Guid(64fdd27ea976045e69bc06bde946c5a8) Importer(815301076,1909f56bfc062723c751e8b465ee728b)
Start importing Assets/Shader/grass.shadergraph using Guid(64fdd27ea976045e69bc06bde946c5a8) Importer(815301076,1909f56bfc062723c751e8b465ee728b)  -> (artifact id: 'a51c30c5a66ab33f0c91b020bf5d590e') in 0.008047 seconds 
  Import took 0.020033 seconds .

========================================================================
Received Import Request.
  Time since last request: 43.354345 seconds.
  path: Assets/Materials
  artifactKey: Guid(5e016c8ecc94547e08689c8d1173647b) Importer(815301076,1909f56bfc062723c751e8b465ee728b)
Start importing Assets/Materials using Guid(5e016c8ecc94547e08689c8d1173647b) Importer(815301076,1909f56bfc062723c751e8b465ee728b)  -> (artifact id: '0ce39e199ea921cde2d9d63f68dc0d83') in 0.002611 seconds 
  Import took 0.010536 seconds .

========================================================================
Received Import Request.
  Time since last request: 13.712607 seconds.
  path: Assets/Materials/grass.mat
  artifactKey: Guid(3cb554cf66d2842b38a3c997fa7cd02d) Importer(815301076,1909f56bfc062723c751e8b465ee728b)
Start importing Assets/Materials/grass.mat using Guid(3cb554cf66d2842b38a3c997fa7cd02d) Importer(815301076,1909f56bfc062723c751e8b465ee728b)  -> (artifact id: '12b06ca6a53db4ac63c91151afa6f3ad') in 0.275759 seconds 
  Import took 0.284191 seconds .

========================================================================
Received Import Request.
  Time since last request: 4251.047904 seconds.
  path: Assets/Shader/grass.shadergraph
  artifactKey: Guid(64fdd27ea976045e69bc06bde946c5a8) Importer(815301076,1909f56bfc062723c751e8b465ee728b)
Start importing Assets/Shader/grass.shadergraph using Guid(64fdd27ea976045e69bc06bde946c5a8) Importer(815301076,1909f56bfc062723c751e8b465ee728b)  -> (artifact id: 'cedcb70d8528c6372d9c79fc4d109555') in 0.016052 seconds 
  Import took 0.062869 seconds .

========================================================================
Received Prepare
Registering precompiled user dll's ...
Registered in 0.007579 seconds.
Begin MonoManager ReloadAssembly
Native extension for Lumin target not found
Native extension for OSXStandalone target not found
Native extension for WebGL target not found
Refreshing native plugins compatible for Editor in 0.68 ms, found 2 plugins.
Preloading 0 native plugins for Editor in 0.00 ms.
Mono: successfully reloaded assembly
- Completed reload, in  1.837 seconds
Domain Reload Profiling:
	ReloadAssembly (1841ms)
		BeginReloadAssembly (356ms)
			ExecutionOrderSort (0ms)
			DisableScriptedObjects (59ms)
			BackupInstance (0ms)
			ReleaseScriptingObjects (0ms)
			CreateAndSetChildDomain (168ms)
		EndReloadAssembly (1406ms)
			LoadAssemblies (113ms)
			RebuildTransferFunctionScriptingTraits (0ms)
			SetupTypeCache (459ms)
			ReleaseScriptCaches (2ms)
			RebuildScriptCaches (84ms)
			SetupLoadedEditorAssemblies (466ms)
				LogAssemblyErrors (0ms)
				InitializePlatformSupportModulesInManaged (6ms)
				SetLoadedEditorAssemblies (0ms)
				RefreshPlugins (1ms)
				BeforeProcessingInitializeOnLoad (134ms)
				ProcessInitializeOnLoadAttributes (314ms)
				ProcessInitializeOnLoadMethodAttributes (9ms)
				AfterProcessingInitializeOnLoad (2ms)
				EditorAssembliesLoaded (0ms)
			ExecutionOrderSort2 (0ms)
			AwakeInstancesAfterBackupRestoration (21ms)
Platform modules already initialized, skipping
Refreshing native plugins compatible for Editor in 0.69 ms, found 2 plugins.
Preloading 0 native plugins for Editor in 0.00 ms.
Unloading 3807 Unused Serialized files (Serialized files now loaded: 0)
System memory in use before: 366.2 MB.
System memory in use after: 363.4 MB.

Unloading 23 unused Assets to reduce memory usage. Loaded Objects now: 4746.
Total: 7.233562 ms (FindLiveObjects: 0.457800 ms CreateObjectMapping: 0.157095 ms MarkObjects: 3.590560 ms  DeleteObjects: 3.026803 ms)

AssetImportParameters requested are different than current active one (requested -> active):
  custom:video-decoder-ogg-theora: a1e56fd34408186e4bbccfd4996cb3dc -> 
  custom:container-muxer-webm: aa71ff27fc2769a1b78a27578f13a17b -> 
  custom:container-demuxer-webm: 4f35f7cbe854078d1ac9338744f61a02 -> 
  custom:container-demuxer-ogg: 62fdf1f143b41e24485cea50d1cbac27 -> 
  custom:video-encoder-webm-vp8: eb34c28f22e8b96e1ab97ce403110664 -> 
  custom:framework-osx-AVFoundation: e770b220cccbd017edd2c1fefb359320 -> 
  custom:video-decoder-webm-vp8: 9c59270c3fd7afecdb556c50c9e8de78 -> 
  custom:audio-decoder-ogg-vorbis: bf7c407c2cedff20999df2af8eb42d56 -> 
  custom:audio-encoder-webm-vorbis: bf7c407c2cedff20999df2af8eb42d56 -> 
========================================================================
Received Prepare
Registering precompiled user dll's ...
Registered in 0.008298 seconds.
Begin MonoManager ReloadAssembly
Native extension for Lumin target not found
Native extension for OSXStandalone target not found
Native extension for WebGL target not found
Refreshing native plugins compatible for Editor in 1.37 ms, found 2 plugins.
Preloading 0 native plugins for Editor in 0.00 ms.
Mono: successfully reloaded assembly
- Completed reload, in  2.963 seconds
Domain Reload Profiling:
	ReloadAssembly (2964ms)
		BeginReloadAssembly (331ms)
			ExecutionOrderSort (0ms)
			DisableScriptedObjects (10ms)
			BackupInstance (0ms)
			ReleaseScriptingObjects (0ms)
			CreateAndSetChildDomain (177ms)
		EndReloadAssembly (2514ms)
			LoadAssemblies (264ms)
			RebuildTransferFunctionScriptingTraits (0ms)
			SetupTypeCache (830ms)
			ReleaseScriptCaches (5ms)
			RebuildScriptCaches (160ms)
			SetupLoadedEditorAssemblies (784ms)
				LogAssemblyErrors (0ms)
				InitializePlatformSupportModulesInManaged (9ms)
				SetLoadedEditorAssemblies (1ms)
				RefreshPlugins (2ms)
				BeforeProcessingInitializeOnLoad (225ms)
				ProcessInitializeOnLoadAttributes (529ms)
				ProcessInitializeOnLoadMethodAttributes (15ms)
				AfterProcessingInitializeOnLoad (3ms)
				EditorAssembliesLoaded (1ms)
			ExecutionOrderSort2 (0ms)
			AwakeInstancesAfterBackupRestoration (41ms)
Platform modules already initialized, skipping
Refreshing native plugins compatible for Editor in 0.90 ms, found 2 plugins.
Preloading 0 native plugins for Editor in 0.00 ms.
Unloading 3806 Unused Serialized files (Serialized files now loaded: 0)
System memory in use before: 366.3 MB.
System memory in use after: 363.5 MB.

Unloading 21 unused Assets to reduce memory usage. Loaded Objects now: 4748.
Total: 7.792580 ms (FindLiveObjects: 0.620456 ms CreateObjectMapping: 0.260123 ms MarkObjects: 4.207427 ms  DeleteObjects: 2.691463 ms)

AssetImportParameters requested are different than current active one (requested -> active):
  custom:video-decoder-ogg-theora: a1e56fd34408186e4bbccfd4996cb3dc -> 
  custom:container-muxer-webm: aa71ff27fc2769a1b78a27578f13a17b -> 
  custom:container-demuxer-webm: 4f35f7cbe854078d1ac9338744f61a02 -> 
  custom:container-demuxer-ogg: 62fdf1f143b41e24485cea50d1cbac27 -> 
  custom:video-encoder-webm-vp8: eb34c28f22e8b96e1ab97ce403110664 -> 
  custom:framework-osx-AVFoundation: e770b220cccbd017edd2c1fefb359320 -> 
  custom:video-decoder-webm-vp8: 9c59270c3fd7afecdb556c50c9e8de78 -> 
  custom:audio-decoder-ogg-vorbis: bf7c407c2cedff20999df2af8eb42d56 -> 
  custom:audio-encoder-webm-vorbis: bf7c407c2cedff20999df2af8eb42d56 -> 
========================================================================
Received Prepare
Registering precompiled user dll's ...
Registered in 0.006610 seconds.
Begin MonoManager ReloadAssembly
Native extension for Lumin target not found
Native extension for OSXStandalone target not found
Native extension for WebGL target not found
Refreshing native plugins compatible for Editor in 0.89 ms, found 2 plugins.
Preloading 0 native plugins for Editor in 0.00 ms.
Mono: successfully reloaded assembly
- Completed reload, in  1.816 seconds
Domain Reload Profiling:
	ReloadAssembly (1816ms)
		BeginReloadAssembly (189ms)
			ExecutionOrderSort (0ms)
			DisableScriptedObjects (9ms)
			BackupInstance (0ms)
			ReleaseScriptingObjects (0ms)
			CreateAndSetChildDomain (101ms)
		EndReloadAssembly (1557ms)
			LoadAssemblies (149ms)
			RebuildTransferFunctionScriptingTraits (0ms)
			SetupTypeCache (457ms)
			ReleaseScriptCaches (2ms)
			RebuildScriptCaches (89ms)
			SetupLoadedEditorAssemblies (544ms)
				LogAssemblyErrors (0ms)
				InitializePlatformSupportModulesInManaged (6ms)
				SetLoadedEditorAssemblies (1ms)
				RefreshPlugins (1ms)
				BeforeProcessingInitializeOnLoad (143ms)
				ProcessInitializeOnLoadAttributes (383ms)
				ProcessInitializeOnLoadMethodAttributes (8ms)
				AfterProcessingInitializeOnLoad (1ms)
				EditorAssembliesLoaded (0ms)
			ExecutionOrderSort2 (0ms)
			AwakeInstancesAfterBackupRestoration (23ms)
Platform modules already initialized, skipping
Refreshing native plugins compatible for Editor in 0.68 ms, found 2 plugins.
Preloading 0 native plugins for Editor in 0.00 ms.
Unloading 3806 Unused Serialized files (Serialized files now loaded: 0)
System memory in use before: 366.6 MB.
System memory in use after: 363.8 MB.

Unloading 21 unused Assets to reduce memory usage. Loaded Objects now: 4750.
Total: 7.828500 ms (FindLiveObjects: 0.571436 ms CreateObjectMapping: 0.185036 ms MarkObjects: 4.257841 ms  DeleteObjects: 2.811951 ms)

AssetImportParameters requested are different than current active one (requested -> active):
  custom:video-decoder-ogg-theora: a1e56fd34408186e4bbccfd4996cb3dc -> 
  custom:container-muxer-webm: aa71ff27fc2769a1b78a27578f13a17b -> 
  custom:container-demuxer-webm: 4f35f7cbe854078d1ac9338744f61a02 -> 
  custom:container-demuxer-ogg: 62fdf1f143b41e24485cea50d1cbac27 -> 
  custom:video-encoder-webm-vp8: eb34c28f22e8b96e1ab97ce403110664 -> 
  custom:framework-osx-AVFoundation: e770b220cccbd017edd2c1fefb359320 -> 
  custom:video-decoder-webm-vp8: 9c59270c3fd7afecdb556c50c9e8de78 -> 
  custom:audio-decoder-ogg-vorbis: bf7c407c2cedff20999df2af8eb42d56 -> 
  custom:audio-encoder-webm-vorbis: bf7c407c2cedff20999df2af8eb42d56 -> 
========================================================================
Received Prepare
Registering precompiled user dll's ...
Registered in 0.002884 seconds.
Begin MonoManager ReloadAssembly
Native extension for Lumin target not found
Native extension for OSXStandalone target not found
Native extension for WebGL target not found
Refreshing native plugins compatible for Editor in 0.71 ms, found 2 plugins.
Preloading 0 native plugins for Editor in 0.00 ms.
Mono: successfully reloaded assembly
- Completed reload, in  1.556 seconds
Domain Reload Profiling:
	ReloadAssembly (1557ms)
		BeginReloadAssembly (160ms)
			ExecutionOrderSort (0ms)
			DisableScriptedObjects (6ms)
			BackupInstance (0ms)
			ReleaseScriptingObjects (0ms)
			CreateAndSetChildDomain (80ms)
		EndReloadAssembly (1337ms)
			LoadAssemblies (146ms)
			RebuildTransferFunctionScriptingTraits (0ms)
			SetupTypeCache (423ms)
			ReleaseScriptCaches (2ms)
			RebuildScriptCaches (82ms)
			SetupLoadedEditorAssemblies (427ms)
				LogAssemblyErrors (0ms)
				InitializePlatformSupportModulesInManaged (5ms)
				SetLoadedEditorAssemblies (0ms)
				RefreshPlugins (1ms)
				BeforeProcessingInitializeOnLoad (130ms)
				ProcessInitializeOnLoadAttributes (282ms)
				ProcessInitializeOnLoadMethodAttributes (8ms)
				AfterProcessingInitializeOnLoad (1ms)
				EditorAssembliesLoaded (0ms)
			ExecutionOrderSort2 (0ms)
			AwakeInstancesAfterBackupRestoration (19ms)
Platform modules already initialized, skipping
Refreshing native plugins compatible for Editor in 0.65 ms, found 2 plugins.
Preloading 0 native plugins for Editor in 0.00 ms.
Unloading 3806 Unused Serialized files (Serialized files now loaded: 0)
System memory in use before: 366.9 MB.
System memory in use after: 364.1 MB.

Unloading 21 unused Assets to reduce memory usage. Loaded Objects now: 4752.
Total: 7.123049 ms (FindLiveObjects: 0.683696 ms CreateObjectMapping: 0.176342 ms MarkObjects: 3.591787 ms  DeleteObjects: 2.670258 ms)

AssetImportParameters requested are different than current active one (requested -> active):
  custom:video-decoder-ogg-theora: a1e56fd34408186e4bbccfd4996cb3dc -> 
  custom:container-muxer-webm: aa71ff27fc2769a1b78a27578f13a17b -> 
  custom:container-demuxer-webm: 4f35f7cbe854078d1ac9338744f61a02 -> 
  custom:container-demuxer-ogg: 62fdf1f143b41e24485cea50d1cbac27 -> 
  custom:video-encoder-webm-vp8: eb34c28f22e8b96e1ab97ce403110664 -> 
  custom:framework-osx-AVFoundation: e770b220cccbd017edd2c1fefb359320 -> 
  custom:video-decoder-webm-vp8: 9c59270c3fd7afecdb556c50c9e8de78 -> 
  custom:audio-decoder-ogg-vorbis: bf7c407c2cedff20999df2af8eb42d56 -> 
  custom:audio-encoder-webm-vorbis: bf7c407c2cedff20999df2af8eb42d56 -> 
